2024-01-03 19:17:50,254 INFO: {'model_name': 'google/flan-t5-base', 'tokenizer_name': 'google/flan-t5-base'} 
2024-01-03 19:17:50,254 INFO: {'seed': 114514, 'lr': 0.001, 'n_epochs': 20, 'batch_size': 8, 'max_input_length': 256, 'max_output_length': 64, 'weight_decay': 0.01, 'gradient_accumulation_steps': 4, 'lora': {'r': 32, 'alpha': 32, 'target_modules': ['q', 'v'], 'dropout': 0.05, 'bias': 'none'}, 'output_dir': 'output/256-64', 'evaluation_strategy': 'steps', 'eval_steps': 300, 'save_strategy': 'steps', 'save_steps': 300, 'logging_strategy': 'steps', 'logging_steps': 300, 'report_to': 'tensorboard', 'save_model_dir': 'results/256-64', 'logging_dir': 'logs', 'metrics': ['bleu', 'rouge', 'perplexity']} 
2024-01-03 19:17:54,198 INFO: Loaded bleu... 
2024-01-03 19:17:56,726 INFO: Loaded rouge... 
2024-01-03 19:17:58,982 INFO: Loaded perplexity... 
2024-01-03 19:18:02,134 INFO: Successfully loaded dataset 
2024-01-03 19:18:04,966 INFO: Train dataset size: 10191 
2024-01-03 19:18:04,966 INFO: Test dataset size: 2295 
2024-01-03 19:18:04,966 INFO: Valid dataset size: 2156 
2024-01-03 19:32:47,811 INFO: Computing bleu... 
2024-01-03 19:32:48,709 INFO: Computing rouge... 
2024-01-03 19:32:48,743 INFO: Using default tokenizer. 
2024-01-03 19:32:50,916 INFO: Computing perplexity... 
2024-01-03 19:32:59,547 INFO: bleu-2: 0.31735392995446615 
2024-01-03 19:32:59,547 INFO: rouge-L: 0.10987993411011873 
2024-01-03 19:32:59,547 INFO: perplexity: 18.837224300142122 
2024-01-03 19:47:35,405 INFO: Computing bleu... 
2024-01-03 19:47:36,070 INFO: Computing rouge... 
2024-01-03 19:47:36,083 INFO: Using default tokenizer. 
2024-01-03 19:47:38,149 INFO: Computing perplexity... 
2024-01-03 19:47:46,352 INFO: bleu-2: 0.41219055623471884 
2024-01-03 19:47:46,353 INFO: rouge-L: 0.13388100623707028 
2024-01-03 19:47:46,353 INFO: perplexity: 19.55745977461891 
2024-01-03 20:02:47,387 INFO: Computing bleu... 
2024-01-03 20:02:48,047 INFO: Computing rouge... 
2024-01-03 20:02:48,059 INFO: Using default tokenizer. 
2024-01-03 20:02:50,113 INFO: Computing perplexity... 
2024-01-03 20:02:58,310 INFO: bleu-2: 0.4848588713132594 
2024-01-03 20:02:58,310 INFO: rouge-L: 0.1567710718898852 
2024-01-03 20:02:58,311 INFO: perplexity: 19.061470932995896 
2024-01-03 20:17:42,493 INFO: Computing bleu... 
2024-01-03 20:17:43,166 INFO: Computing rouge... 
2024-01-03 20:17:43,179 INFO: Using default tokenizer. 
2024-01-03 20:17:45,319 INFO: Computing perplexity... 
2024-01-03 20:17:54,653 INFO: bleu-2: 0.3678720025728126 
2024-01-03 20:17:54,653 INFO: rouge-L: 0.12404073056646356 
2024-01-03 20:17:54,653 INFO: perplexity: 22.466431989740574 
2024-01-03 20:32:59,610 INFO: Computing bleu... 
2024-01-03 20:33:00,285 INFO: Computing rouge... 
2024-01-03 20:33:00,297 INFO: Using default tokenizer. 
2024-01-03 20:33:02,353 INFO: Computing perplexity... 
2024-01-03 20:33:10,678 INFO: bleu-2: 0.4262614742186494 
2024-01-03 20:33:10,678 INFO: rouge-L: 0.13969818777862117 
2024-01-03 20:33:10,678 INFO: perplexity: 21.40249380906128 
2024-01-03 20:47:44,529 INFO: Computing bleu... 
2024-01-03 20:47:45,210 INFO: Computing rouge... 
2024-01-03 20:47:45,224 INFO: Using default tokenizer. 
2024-01-03 20:47:47,358 INFO: Computing perplexity... 
2024-01-03 20:47:55,396 INFO: bleu-2: 0.3787294817365445 
2024-01-03 20:47:55,396 INFO: rouge-L: 0.12462654303148538 
2024-01-03 20:47:55,396 INFO: perplexity: 21.83507752683919 
2024-01-03 21:02:52,337 INFO: Computing bleu... 
2024-01-03 21:02:52,996 INFO: Computing rouge... 
2024-01-03 21:02:53,009 INFO: Using default tokenizer. 
2024-01-03 21:02:55,072 INFO: Computing perplexity... 
2024-01-03 21:03:03,407 INFO: bleu-2: 0.3583699958194812 
2024-01-03 21:03:03,407 INFO: rouge-L: 0.12156864443243262 
2024-01-03 21:03:03,407 INFO: perplexity: 22.70447896937935 
2024-01-03 21:18:09,354 INFO: Computing bleu... 
2024-01-03 21:18:10,016 INFO: Computing rouge... 
2024-01-03 21:18:10,029 INFO: Using default tokenizer. 
2024-01-03 21:18:12,120 INFO: Computing perplexity... 
2024-01-03 21:18:20,785 INFO: bleu-2: 0.3867735470941884 
2024-01-03 21:18:20,785 INFO: rouge-L: 0.13179657256260136 
2024-01-03 21:18:20,785 INFO: perplexity: 22.11018315117965 
